[M68K]: BEGIN_READ
[INFO]: SIG_CLK:    	0
[INFO]: SIG_FC0:    	1
[INFO]: SIG_FC1:    	1
[INFO]: SIG_FC2:    	1
[INFO]: SIG_BERR:    	1
[INFO]: SIG_RESET:    	0
[INFO]: SIG_HALT:    	0
[INFO]: SIG_VPA:    	0
[INFO]: SIG_E:    	0
[INFO]: SIG_VMA:    	1
[INFO]: SIG_BR:    	0
[INFO]: SIG_BG:    	1
[INFO]: SIG_BGACK:    	0
[INFO]: SIG_DTACK:    	1
[INFO]: SIG_AS:    	0
[INFO]: SIG_RW:    	0
[INFO]: SIG_UDS:    	0
[INFO]: SIG_LDS:    	1
[INFO]: SIG_PL0:    	0
[INFO]: SIG_PL1:    	0
[INFO]: SIG_PL2:    	0
[INFO]: SIG_A1:    	0
[INFO]: SIG_A2:    	0
[INFO]: SIG_A3:    	0
[INFO]: SIG_A4:    	0
[INFO]: SIG_A5:    	0
[INFO]: SIG_A6:    	0
[INFO]: SIG_A7:    	0
[INFO]: SIG_A8:    	0
[INFO]: SIG_A9:    	0
[INFO]: SIG_A10:    	0
[INFO]: SIG_A11:    	0
[INFO]: SIG_A12:    	0
[INFO]: SIG_A13:    	0
[INFO]: SIG_A14:    	0
[INFO]: SIG_A15:    	0
[INFO]: SIG_A16:    	0
[INFO]: SIG_A17:    	0
[INFO]: SIG_A18:    	0
[INFO]: SIG_A19:    	0
[INFO]: SIG_A20:    	0
[INFO]: SIG_A21:    	0
[INFO]: SIG_A22:    	0
[INFO]: SIG_A23:    	0
[INFO]: SIG_D0:    	0
[INFO]: SIG_D1:    	0
[INFO]: SIG_D2:    	0
[INFO]: SIG_D3:    	0
[INFO]: SIG_D4:    	0
[INFO]: SIG_D5:    	0
[INFO]: SIG_D6:    	0
[INFO]: SIG_D7:    	0
[INFO]: SIG_D8:    	0
[INFO]: SIG_D9:    	0
[INFO]: SIG_D10:    	0
[INFO]: SIG_D11:    	0
[INFO]: SIG_D12:    	0
[INFO]: SIG_D13:    	0
[INFO]: SIG_D14:    	0
[INFO]: SIG_D15:    	0
[M68K]: END_READ
